This file contains any messages produced by compilers while
running configure, to aid debugging if configure makes a mistake.

configure:563: checking for gcc
configure:676: checking whether the C compiler (gcc -O -w ) works
configure:692: gcc -o conftest -O -w   conftest.c  1>&5
configure:718: checking whether the C compiler (gcc -O -w ) is a cross-compiler
configure:723: checking whether we are using GNU C
configure:751: checking whether gcc accepts -g
configure:813: checking for a BSD compatible install
configure:868: checking for ranlib
configure:902: checking how to run the C preprocessor
configure:982: checking for ANSI C header files
configure:1089: checking for unistd.h
configure:1127: checking for working const
configure:1202: checking for size_t
configure:1235: checking whether time.h and sys/time.h may both be included
configure:1270: checking for mode_t
configure:1303: checking for pid_t
configure:1336: checking for size_t
configure:1369: checking for uid_t in sys/types.h
configure:1406: checking for gethostname
configure:1406: checking for gettimeofday
configure:1406: checking for getwd
configure:1467: checking for sin
configure:1516: checking for main in -lieee
configure:1599: checking for preferred tcl lib: 8.3
configure:1644: checking for location of tcl.h
configure:1659: checking for location of tcl documentation
configure:1681: checking whether tcl uses shared libraries
configure:1704: checking whether to build dynamically linked soar library
configure:1722: checking whether to build statically linked soar executable
configure:1740: checking whether to build statically linked soartk executable
configure:1772: checking whether to allow dynamic linking in static soar executables
configure:1820: checking for preferred tk lib: 8.3
configure:1864: checking for soar kernel library
configure:1890: checking for soar kernel include files
