This file contains any messages produced by compilers while
running configure, to aid debugging if configure makes a mistake.

configure:559: checking for gcc
configure:672: checking whether the C compiler (gcc -O -w ) works
configure:688: gcc -o conftest -O -w   conftest.c  1>&5
configure:714: checking whether the C compiler (gcc -O -w ) is a cross-compiler
configure:719: checking whether we are using GNU C
configure:747: checking whether gcc accepts -g
configure:809: checking for a BSD compatible install
configure:864: checking for ranlib
configure:898: checking how to run the C preprocessor
configure:978: checking for ANSI C header files
configure:1085: checking for unistd.h
configure:1123: checking for working const
configure:1198: checking for size_t
configure:1231: checking whether time.h and sys/time.h may both be included
configure:1266: checking for mode_t
configure:1299: checking for pid_t
configure:1332: checking for size_t
configure:1365: checking for uid_t in sys/types.h
configure:1402: checking for gethostname
configure:1402: checking for gettimeofday
configure:1402: checking for getwd
configure:1463: checking for sin
configure:1512: checking for main in -lieee
configure:1572: checking for tcl lib
configure:1612: checking for location of tcl.h
configure:1627: checking for location of tcl documentation
configure:1649: checking whether tcl uses shared libraries
configure:1672: checking whether to build dynamically linked soar library
configure:1690: checking whether to build statically linked soar executable
configure:1708: checking whether to build statically linked soartk executable
configure:1740: checking whether to allow dynamic linking in static soar executables
configure:1803: checking for soar kernel library
configure:1829: checking for soar kernel include files
